2022-04-04 01:10:16,425 : INFO : ---------
2022-04-04 01:10:16,425 : INFO : Program Started 始めるYO
2022-04-04 01:10:16,680 : INFO : Processing: 2022 中高生の基礎英語 in English 2022年03月21日放送分
2022-04-04 01:10:45,960 : INFO : Processing: 2022 中高生の基礎英語 in English 2022年03月22日放送分
2022-04-04 01:11:13,936 : INFO : Processing: 2022 中高生の基礎英語 in English 2022年03月23日放送分
2022-04-04 01:11:42,378 : INFO : Processing: 2022 中高生の基礎英語 in English 2022年03月24日放送分
2022-04-04 01:12:11,038 : INFO : Processing: 2022 中高生の基礎英語 in English 2022年03月25日放送分
2022-04-04 01:12:38,900 : INFO : Processing: 2022 中高生の基礎英語 in English 2022年03月28日放送分
2022-04-04 01:13:06,129 : INFO : Processing: 2022 中高生の基礎英語 in English 2022年03月29日放送分
2022-04-04 01:13:33,063 : INFO : Processing: 2022 中高生の基礎英語 in English 2022年03月30日放送分
2022-04-04 01:14:00,898 : INFO : Processing: 2022 中高生の基礎英語 in English 2022年03月31日放送分
2022-04-04 01:14:28,341 : INFO : Processing: 2022 中高生の基礎英語 in English 2022年04月01日放送分
2022-04-04 01:14:55,354 : INFO : Processing: 2022 ラジオ英会話 2022年03月21日放送分
2022-04-04 01:15:23,225 : INFO : Processing: 2022 ラジオ英会話 2022年03月22日放送分
2022-04-04 01:15:51,207 : INFO : Processing: 2022 ラジオ英会話 2022年03月23日放送分
2022-04-04 01:16:18,492 : INFO : Processing: 2022 ラジオ英会話 2022年03月24日放送分
2022-04-04 01:16:45,993 : INFO : Processing: 2022 ラジオ英会話 2022年03月25日放送分
2022-04-04 01:17:13,523 : INFO : Processing: 2022 ラジオ英会話 2022年03月28日放送分
2022-04-04 01:17:42,443 : INFO : Processing: 2022 ラジオ英会話 2022年03月29日放送分
2022-04-04 01:18:10,287 : INFO : Processing: 2022 ラジオ英会話 2022年03月30日放送分
2022-04-04 01:18:39,029 : INFO : Processing: 2022 ラジオ英会話 2022年03月31日放送分
2022-04-04 01:19:07,575 : INFO : Processing: 2022 ラジオ英会話 2022年04月01日放送分
2022-04-04 01:19:35,270 : INFO : Processing: 2022 英会話タイムトライアル 2022年03月21日放送分
2022-04-04 01:19:53,809 : INFO : Processing: 2022 英会話タイムトライアル 2022年03月22日放送分
2022-04-04 01:20:12,881 : INFO : Processing: 2022 英会話タイムトライアル 2022年03月23日放送分
2022-04-04 01:20:32,136 : INFO : Processing: 2022 英会話タイムトライアル 2022年03月24日放送分
2022-04-04 01:20:51,233 : INFO : Processing: 2022 英会話タイムトライアル 2022年03月25日放送分
2022-04-04 01:21:10,491 : INFO : Processing: 2022 英会話タイムトライアル 2022年03月28日放送分
2022-04-04 01:21:29,324 : INFO : Processing: 2022 英会話タイムトライアル 2022年03月29日放送分
2022-04-04 01:21:48,493 : INFO : Processing: 2022 英会話タイムトライアル 2022年03月30日放送分
2022-04-04 01:22:07,909 : INFO : Processing: 2022 英会話タイムトライアル 2022年03月31日放送分
2022-04-04 01:22:27,060 : INFO : Processing: 2022 英会話タイムトライアル 2022年04月01日放送分
2022-04-04 01:22:45,664 : INFO : Processing: 2022 高校生からはじめる「現代英語」 2022年03月24日放送分
2022-04-04 01:23:12,899 : INFO : Processing: 2022 高校生からはじめる「現代英語」 2022年03月25日放送分
2022-04-04 01:23:39,634 : INFO : Processing: 2022 ラジオビジネス英語 2022年03月21日放送分
2022-04-04 01:24:06,881 : INFO : Processing: 2022 ラジオビジネス英語 2022年03月22日放送分
2022-04-04 01:24:33,592 : INFO : Processing: 2022 ラジオビジネス英語 2022年03月23日放送分
2022-04-04 01:25:00,598 : INFO : Processing: 2022 ラジオビジネス英語 2022年03月24日放送分
2022-04-04 01:25:28,303 : INFO : Processing: 2022 ラジオビジネス英語 2022年03月25日放送分
2022-04-04 01:25:55,218 : INFO : Processing: 2022 ラジオビジネス英語 2022年03月28日放送分
2022-04-04 01:26:22,199 : INFO : Processing: 2022 ラジオビジネス英語 2022年03月29日放送分
2022-04-04 01:26:48,861 : INFO : Processing: 2022 ラジオビジネス英語 2022年03月30日放送分
2022-04-04 01:27:15,448 : INFO : Processing: 2022 ラジオビジネス英語 2022年03月31日放送分
2022-04-04 01:27:42,951 : INFO : Processing: 2022 ラジオビジネス英語 2022年04月01日放送分
2022-04-04 01:28:10,944 : INFO : Processing: 2022 ニュースで英語術 2022年04月01日放送分
2022-04-04 01:28:20,722 : INFO : Processing: 2022 ニュースで英語術 2022年03月31日放送分
2022-04-04 01:28:30,138 : INFO : Processing: 2022 ニュースで英語術 2022年03月30日放送分
2022-04-04 01:28:39,545 : INFO : Processing: 2022 ニュースで英語術 2022年03月29日放送分
2022-04-04 01:28:49,063 : INFO : Processing: 2022 ニュースで英語術 2022年03月28日放送分
2022-04-04 01:28:58,761 : INFO : Processing: 2022 ラジオで！カムカムエヴリバディ 2022年03月30日放送分
2022-04-04 01:29:26,265 : INFO : Processing: 2022 ラジオで！カムカムエヴリバディ 2022年03月29日放送分
2022-04-04 01:29:55,189 : INFO : Processing: 2022 ラジオで！カムカムエヴリバディ 2022年03月28日放送分
2022-04-04 01:30:23,648 : INFO : Processing: 2022 ラジオで！カムカムエヴリバディ 2022年03月23日放送分
2022-04-04 01:30:50,964 : INFO : Processing: 2022 ラジオで！カムカムエヴリバディ 2022年03月22日放送分
2022-04-04 01:31:18,635 : INFO : Processing: 2022 ラジオで！カムカムエヴリバディ 2022年03月21日放送分
2022-04-04 01:31:46,103 : INFO : Processing: 2022 中学生の基礎英語 レベル1 2022年03月21日放送分
2022-04-04 01:32:14,411 : INFO : Processing: 2022 中学生の基礎英語 レベル1 2022年03月22日放送分
2022-04-04 01:32:41,852 : INFO : Processing: 2022 中学生の基礎英語 レベル1 2022年03月23日放送分
2022-04-04 01:33:09,903 : INFO : Processing: 2022 中学生の基礎英語 レベル1 2022年03月24日放送分
2022-04-04 01:33:37,030 : INFO : Processing: 2022 中学生の基礎英語 レベル1 2022年03月25日放送分
2022-04-04 01:34:04,518 : INFO : Processing: 2022 中学生の基礎英語 レベル1 2022年03月28日放送分
2022-04-04 01:34:31,882 : INFO : Processing: 2022 中学生の基礎英語 レベル1 2022年03月29日放送分
2022-04-04 01:34:59,870 : INFO : Processing: 2022 中学生の基礎英語 レベル1 2022年03月30日放送分
2022-04-04 01:35:27,230 : INFO : Processing: 2022 中学生の基礎英語 レベル1 2022年03月31日放送分
2022-04-04 01:35:54,575 : INFO : Processing: 2022 中学生の基礎英語 レベル1 2022年04月01日放送分
2022-04-04 01:36:21,793 : INFO : Processing: 2022 中学生の基礎英語 レベル２ 2022年03月21日放送分
2022-04-04 01:36:50,141 : INFO : Processing: 2022 中学生の基礎英語 レベル２ 2022年03月22日放送分
2022-04-04 01:37:17,711 : INFO : Processing: 2022 中学生の基礎英語 レベル２ 2022年03月23日放送分
2022-04-04 01:37:46,680 : INFO : Processing: 2022 中学生の基礎英語 レベル２ 2022年03月24日放送分
2022-04-04 01:38:13,958 : INFO : Processing: 2022 中学生の基礎英語 レベル２ 2022年03月25日放送分
2022-04-04 01:38:41,884 : INFO : Processing: 2022 中学生の基礎英語 レベル２ 2022年03月28日放送分
2022-04-04 01:39:09,425 : INFO : Processing: 2022 中学生の基礎英語 レベル２ 2022年03月29日放送分
2022-04-04 01:39:36,881 : INFO : Processing: 2022 中学生の基礎英語 レベル２ 2022年03月30日放送分
2022-04-04 01:40:03,879 : INFO : Processing: 2022 中学生の基礎英語 レベル２ 2022年03月31日放送分
2022-04-04 01:40:31,537 : INFO : Processing: 2022 中学生の基礎英語 レベル２ 2022年04月01日放送分
2022-04-04 01:40:58,993 : INFO : Processing: 2022 青春アドベンチャー 2022年04月01日放送分
2022-04-04 01:41:28,439 : INFO : Processing: 2022 青春アドベンチャー 2022年03月31日放送分
2022-04-04 01:41:57,958 : INFO : Processing: 2022 青春アドベンチャー 2022年03月30日放送分
2022-04-04 01:42:26,997 : INFO : Processing: 2022 青春アドベンチャー 2022年03月29日放送分
2022-04-04 01:42:55,622 : INFO : Processing: 2022 青春アドベンチャー 2022年03月28日放送分
2022-04-04 01:43:24,504 : INFO : Processing: 2022 朗読 2022年04月01日放送分
2022-04-04 01:43:51,879 : INFO : Processing: 2022 朗読 2022年03月31日放送分
2022-04-04 01:44:20,237 : INFO : Processing: 2022 朗読 2022年03月30日放送分
2022-04-04 01:44:48,035 : INFO : Processing: 2022 朗読 2022年03月29日放送分
2022-04-04 01:45:17,584 : INFO : Processing: 2022 朗読 2022年03月28日放送分
2022-04-04 01:45:46,414 : INFO : Processing: 2022 朗読 2022年03月25日放送分
2022-04-04 01:46:14,603 : INFO : Processing: 2022 朗読 2022年03月24日放送分
2022-04-04 01:46:42,073 : INFO : Processing: 2022 朗読 2022年03月23日放送分
2022-04-04 01:47:09,885 : INFO : Processing: 2022 朗読 2022年03月22日放送分
2022-04-04 01:47:36,849 : INFO : Processing: 2022 朗読 2022年03月21日放送分
2022-04-04 01:48:05,300 : INFO : Processing: 2022 朗読 2022年03月18日放送分
2022-04-04 01:48:33,844 : INFO : Processing: 2022 朗読 2022年03月17日放送分
2022-04-04 01:49:01,936 : INFO : Processing: 2022 朗読 2022年03月16日放送分
2022-04-04 01:49:30,036 : INFO : Processing: 2022 朗読 2022年03月15日放送分
2022-04-04 01:49:57,672 : INFO : Processing: 2022 朗読 2022年03月14日放送分
2022-04-04 01:50:26,362 : INFO : Processing: 2022 朗読 2022年03月11日放送分
2022-04-04 01:50:54,274 : INFO : Processing: 2022 朗読 2022年03月10日放送分
2022-04-04 01:51:21,811 : INFO : Processing: 2022 朗読 2022年03月09日放送分
2022-04-04 01:51:49,282 : INFO : Processing: 2022 朗読 2022年03月08日放送分
2022-04-04 01:52:16,602 : INFO : Processing: 2022 朗読 2022年03月07日放送分
2022-04-04 01:52:44,550 : INFO : Processing: 2022 朗読 2022年03月04日放送分
2022-04-04 01:53:12,255 : INFO : Processing: 2022 朗読 2022年03月03日放送分
2022-04-04 01:53:40,532 : INFO : Processing: 2022 朗読 2022年03月02日放送分
2022-04-04 01:54:07,930 : INFO : Processing: 2022 朗読 2022年03月01日放送分
2022-04-04 01:54:36,605 : INFO : Processing: 2022 朗読 2022年02月28日放送分
2022-04-04 01:55:04,804 : INFO : Processing: 2022 朗読 2022年02月25日放送分
2022-04-04 01:55:32,194 : INFO : Processing: 2022 朗読 2022年02月24日放送分
2022-04-04 01:55:59,654 : INFO : Processing: 2022 朗読 2022年02月23日放送分
2022-04-04 01:56:27,834 : INFO : Processing: 2022 朗読 2022年02月22日放送分
2022-04-04 01:56:55,388 : INFO : Processing: 2022 朗読 2022年02月21日放送分
2022-04-04 01:57:23,273 : INFO : Processing: 2022 朗読 2022年02月18日放送分
2022-04-04 01:57:50,778 : INFO : Processing: 2022 朗読 2022年02月17日放送分
2022-04-04 01:58:18,122 : INFO : Processing: 2022 朗読 2022年02月16日放送分
2022-04-04 01:58:44,853 : INFO : Processing: 2022 朗読 2022年02月15日放送分
2022-04-04 01:59:12,944 : INFO : Processing: 2022 朗読 2022年02月14日放送分
2022-04-04 01:59:40,946 : INFO : Processing: 2022 朗読 2022年02月11日放送分
2022-04-04 02:00:08,603 : INFO : Processing: 2022 朗読 2022年02月10日放送分
2022-04-04 02:00:36,901 : INFO : Processing: 2022 朗読 2022年02月09日放送分
2022-04-04 02:01:04,872 : INFO : Processing: 2022 朗読 2022年02月08日放送分
2022-04-04 02:01:32,789 : INFO : Processing: 2022 朗読 2022年02月07日放送分
2022-04-04 02:02:01,085 : INFO : Processing: 2022 子ども科学電話相談 2022年04月03日放送分
2022-04-04 02:03:36,521 : INFO : Processing: 2022 子ども科学電話相談 2022年04月03日放送分
2022-04-04 02:05:02,818 : INFO : Processing: 2022 子ども科学電話相談 2022年03月13日放送分
2022-04-04 02:06:25,164 : INFO : Processing: 2022 子ども科学電話相談 2022年03月13日放送分
2022-04-04 02:07:41,338 : INFO : Processing: 2022 子ども科学電話相談 2022年03月06日放送分
2022-04-04 02:08:58,467 : INFO : Processing: 2022 子ども科学電話相談 2022年03月06日放送分
2022-04-04 02:10:15,299 : INFO : Processing: 2022 子ども科学電話相談 2022年02月13日放送分
2022-04-04 02:11:38,719 : INFO : Processing: 2022 子ども科学電話相談 2022年02月13日放送分
2022-04-04 02:12:54,359 : INFO : Processing: 2022 上方演芸会 2022年04月02日放送分
2022-04-04 02:13:41,704 : INFO : Processing: 2022 真打ち競演 2022年04月02日放送分
2022-04-04 02:15:18,123 : INFO : Processing: 2022 ジャズ・トゥナイト 2022年04月02日放送分
2022-04-04 02:19:11,561 : INFO : Program finished
2022-04-04 10:08:16,345 : INFO : ---------
2022-04-04 10:08:16,345 : INFO : Program Started
2022-04-04 10:08:16,944 : INFO : Processing: 2022 中高生の基礎英語 in English 2022年04月04日放送分
2022-04-04 10:09:01,526 : INFO : Processing: 2022 中高生の基礎英語 in English 2022年04月01日放送分
2022-04-04 10:09:48,306 : INFO : Processing: 2022 中高生の基礎英語 in English 2022年03月31日放送分
2022-04-04 10:10:28,728 : INFO : Processing: 2022 中高生の基礎英語 in English 2022年03月30日放送分
2022-04-04 10:11:10,298 : INFO : Processing: 2022 中高生の基礎英語 in English 2022年03月29日放送分
2022-04-04 10:11:55,141 : INFO : Processing: 2022 中高生の基礎英語 in English 2022年03月28日放送分
2022-04-04 10:12:47,431 : INFO : Processing: 2022 中高生の基礎英語 in English 2022年03月25日放送分
2022-04-04 10:13:33,301 : INFO : Processing: 2022 中高生の基礎英語 in English 2022年03月24日放送分
2022-04-04 10:14:17,931 : INFO : Processing: 2022 中高生の基礎英語 in English 2022年03月23日放送分
2022-04-04 10:15:00,182 : INFO : Processing: 2022 中高生の基礎英語 in English 2022年03月22日放送分
2022-04-04 10:15:42,582 : INFO : Processing: 2022 中高生の基礎英語 in English 2022年03月21日放送分
2022-04-04 10:16:29,088 : INFO : Processing: 2022 ラジオ英会話 2022年04月04日放送分
2022-04-04 10:17:07,955 : INFO : Processing: 2022 ラジオ英会話 2022年04月01日放送分
2022-04-04 10:17:47,936 : INFO : Processing: 2022 ラジオ英会話 2022年03月31日放送分
2022-04-04 10:18:33,367 : INFO : Processing: 2022 ラジオ英会話 2022年03月30日放送分
2022-04-04 10:19:18,471 : INFO : Processing: 2022 ラジオ英会話 2022年03月29日放送分
2022-04-04 10:20:00,621 : INFO : Processing: 2022 ラジオ英会話 2022年03月28日放送分
2022-04-04 10:20:41,586 : INFO : Processing: 2022 ラジオ英会話 2022年03月25日放送分
2022-04-04 10:21:21,129 : INFO : Processing: 2022 ラジオ英会話 2022年03月24日放送分
2022-04-04 10:22:05,314 : INFO : Processing: 2022 ラジオ英会話 2022年03月23日放送分
2022-04-04 10:22:50,455 : INFO : Processing: 2022 ラジオ英会話 2022年03月22日放送分
2022-04-04 10:23:35,937 : INFO : Processing: 2022 ラジオ英会話 2022年03月21日放送分
2022-04-04 10:24:19,749 : INFO : Processing: 2022 英会話タイムトライアル 2022年04月04日放送分
2022-04-04 10:24:49,678 : INFO : Processing: 2022 英会話タイムトライアル 2022年04月01日放送分
2022-04-04 10:25:21,430 : INFO : Processing: 2022 英会話タイムトライアル 2022年03月31日放送分
2022-04-04 10:25:54,769 : INFO : Processing: 2022 英会話タイムトライアル 2022年03月30日放送分
2022-04-04 10:26:28,734 : INFO : Processing: 2022 英会話タイムトライアル 2022年03月29日放送分
2022-04-04 10:27:01,358 : INFO : Processing: 2022 英会話タイムトライアル 2022年03月28日放送分
2022-04-04 10:27:37,949 : INFO : Processing: 2022 英会話タイムトライアル 2022年03月25日放送分
2022-04-04 10:28:15,977 : INFO : Processing: 2022 英会話タイムトライアル 2022年03月24日放送分
2022-04-04 10:28:54,369 : INFO : Processing: 2022 英会話タイムトライアル 2022年03月23日放送分
2022-04-04 10:29:33,920 : INFO : Processing: 2022 英会話タイムトライアル 2022年03月22日放送分
2022-04-04 10:30:11,570 : INFO : Processing: 2022 英会話タイムトライアル 2022年03月21日放送分
2022-04-04 10:31:01,498 : INFO : Processing: 2022 高校生からはじめる「現代英語」 2022年03月31日放送分
2022-04-04 10:32:17,101 : INFO : Processing: 2022 高校生からはじめる「現代英語」 2022年04月01日放送分
2022-04-04 10:33:07,936 : INFO : Processing: 2022 ラジオビジネス英語 2022年04月04日放送分
2022-04-04 10:34:03,038 : INFO : Processing: 2022 ラジオビジネス英語 2022年04月01日放送分
2022-04-04 10:34:55,700 : INFO : Processing: 2022 ラジオビジネス英語 2022年03月31日放送分
2022-04-04 10:35:49,054 : INFO : Processing: 2022 ラジオビジネス英語 2022年03月30日放送分
2022-04-04 10:36:40,061 : INFO : Processing: 2022 ラジオビジネス英語 2022年03月29日放送分
2022-04-04 10:37:33,757 : INFO : Processing: 2022 ラジオビジネス英語 2022年03月28日放送分
2022-04-04 10:38:32,798 : INFO : Processing: 2022 ラジオビジネス英語 2022年03月25日放送分
2022-04-04 10:39:27,976 : INFO : Processing: 2022 ラジオビジネス英語 2022年03月24日放送分
2022-04-04 10:40:25,637 : INFO : Processing: 2022 ラジオビジネス英語 2022年03月23日放送分
2022-04-04 10:41:25,436 : INFO : Processing: 2022 ラジオビジネス英語 2022年03月22日放送分
2022-04-04 10:42:12,993 : INFO : Processing: 2022 ラジオビジネス英語 2022年03月21日放送分
2022-04-04 10:43:07,567 : INFO : Processing: 2022 ニュースで英語術 2022年04月01日放送分
2022-04-04 10:43:27,315 : INFO : Processing: 2022 ニュースで英語術 2022年03月31日放送分
2022-04-04 10:43:43,641 : INFO : Processing: 2022 ニュースで英語術 2022年03月30日放送分
2022-04-04 10:44:03,137 : INFO : Processing: 2022 ニュースで英語術 2022年03月29日放送分
2022-04-04 10:44:21,331 : INFO : Processing: 2022 ニュースで英語術 2022年03月28日放送分
2022-04-04 10:44:40,266 : INFO : Processing: 2022 ラジオで！カムカムエヴリバディ 2022年03月30日放送分
2022-04-04 10:45:38,767 : INFO : Processing: 2022 ラジオで！カムカムエヴリバディ 2022年03月29日放送分
2022-04-04 10:46:27,977 : INFO : Processing: 2022 ラジオで！カムカムエヴリバディ 2022年03月28日放送分
2022-04-04 10:47:16,562 : INFO : Processing: 2022 ラジオで！カムカムエヴリバディ 2022年03月23日放送分
2022-04-04 10:48:06,708 : INFO : Processing: 2022 ラジオで！カムカムエヴリバディ 2022年03月22日放送分
2022-04-04 10:48:52,045 : INFO : Processing: 2022 ラジオで！カムカムエヴリバディ 2022年03月21日放送分
2022-04-04 10:49:43,825 : INFO : Processing: 2022 中学生の基礎英語 レベル1 2022年04月04日放送分
2022-04-04 10:50:33,828 : INFO : Processing: 2022 中学生の基礎英語 レベル1 2022年04月01日放送分
2022-04-04 10:51:39,703 : INFO : Processing: 2022 中学生の基礎英語 レベル1 2022年03月31日放送分
2022-04-04 10:52:41,208 : INFO : Processing: 2022 中学生の基礎英語 レベル1 2022年03月30日放送分
2022-04-04 10:53:44,099 : INFO : Processing: 2022 中学生の基礎英語 レベル1 2022年03月29日放送分
2022-04-04 10:54:44,651 : INFO : Processing: 2022 中学生の基礎英語 レベル1 2022年03月28日放送分
2022-04-04 10:55:43,489 : INFO : Processing: 2022 中学生の基礎英語 レベル1 2022年03月25日放送分
2022-04-04 10:56:49,213 : INFO : Processing: 2022 中学生の基礎英語 レベル1 2022年03月24日放送分
2022-04-04 10:57:57,485 : INFO : Processing: 2022 中学生の基礎英語 レベル1 2022年03月23日放送分
2022-04-04 10:58:59,324 : INFO : Processing: 2022 中学生の基礎英語 レベル1 2022年03月22日放送分
2022-04-04 10:59:58,889 : INFO : Processing: 2022 中学生の基礎英語 レベル1 2022年03月21日放送分
2022-04-04 11:01:11,807 : INFO : Processing: 2022 中学生の基礎英語 レベル２ 2022年04月04日放送分
2022-04-04 11:02:16,862 : INFO : Processing: 2022 中学生の基礎英語 レベル２ 2022年04月01日放送分
2022-04-04 11:03:19,558 : INFO : Processing: 2022 中学生の基礎英語 レベル２ 2022年03月31日放送分
2022-04-04 11:04:24,909 : INFO : Processing: 2022 中学生の基礎英語 レベル２ 2022年03月30日放送分
2022-04-04 11:05:26,505 : INFO : Processing: 2022 中学生の基礎英語 レベル２ 2022年03月29日放送分
2022-04-04 11:06:27,106 : INFO : Processing: 2022 中学生の基礎英語 レベル２ 2022年03月28日放送分
2022-04-04 11:07:27,588 : INFO : Processing: 2022 中学生の基礎英語 レベル２ 2022年03月25日放送分
2022-04-04 11:08:26,667 : INFO : Processing: 2022 中学生の基礎英語 レベル２ 2022年03月24日放送分
2022-04-04 11:09:20,805 : INFO : Processing: 2022 中学生の基礎英語 レベル２ 2022年03月23日放送分
2022-04-04 11:10:36,012 : INFO : Processing: 2022 中学生の基礎英語 レベル２ 2022年03月22日放送分
2022-04-04 11:11:40,225 : INFO : Processing: 2022 中学生の基礎英語 レベル２ 2022年03月21日放送分
2022-04-04 11:12:39,941 : INFO : Processing: 2022 青春アドベンチャー 2022年04月01日放送分
2022-04-04 11:13:33,274 : INFO : Processing: 2022 青春アドベンチャー 2022年03月31日放送分
2022-04-04 11:14:21,521 : INFO : Processing: 2022 青春アドベンチャー 2022年03月30日放送分
2022-04-04 11:15:15,791 : INFO : Processing: 2022 青春アドベンチャー 2022年03月29日放送分
2022-04-04 11:16:26,885 : INFO : Processing: 2022 青春アドベンチャー 2022年03月28日放送分
2022-04-04 11:17:30,445 : INFO : Processing: 2022 朗読 2022年04月01日放送分
2022-04-04 11:18:26,633 : INFO : Processing: 2022 朗読 2022年03月31日放送分
2022-04-04 11:19:21,298 : INFO : Processing: 2022 朗読 2022年03月30日放送分
2022-04-04 11:20:16,323 : INFO : Processing: 2022 朗読 2022年03月29日放送分
2022-04-04 11:21:10,705 : INFO : Processing: 2022 朗読 2022年03月28日放送分
2022-04-04 11:22:03,732 : INFO : Processing: 2022 朗読 2022年03月25日放送分
2022-04-04 11:22:58,713 : INFO : Processing: 2022 朗読 2022年03月24日放送分
2022-04-04 11:23:50,472 : INFO : Processing: 2022 朗読 2022年03月23日放送分
2022-04-04 11:24:49,394 : INFO : Processing: 2022 朗読 2022年03月22日放送分
2022-04-04 11:25:51,110 : INFO : Processing: 2022 朗読 2022年03月21日放送分
2022-04-04 11:27:00,891 : INFO : Processing: 2022 朗読 2022年03月18日放送分
2022-04-04 11:28:12,519 : INFO : Processing: 2022 朗読 2022年03月17日放送分
2022-04-04 11:29:32,326 : INFO : Processing: 2022 朗読 2022年03月16日放送分
2022-04-04 11:30:46,994 : INFO : Processing: 2022 朗読 2022年03月15日放送分
2022-04-04 11:31:50,483 : INFO : Processing: 2022 朗読 2022年03月14日放送分
2022-04-04 11:32:51,077 : INFO : Processing: 2022 朗読 2022年03月11日放送分
2022-04-04 11:34:00,447 : INFO : Processing: 2022 朗読 2022年03月10日放送分
2022-04-04 11:35:04,443 : INFO : Processing: 2022 朗読 2022年03月09日放送分
2022-04-04 11:36:12,421 : INFO : Processing: 2022 朗読 2022年03月08日放送分
2022-04-04 11:37:10,196 : INFO : Processing: 2022 朗読 2022年03月07日放送分
2022-04-04 11:38:07,128 : INFO : Processing: 2022 朗読 2022年03月04日放送分
2022-04-04 11:39:05,798 : INFO : Processing: 2022 朗読 2022年03月03日放送分
2022-04-04 11:40:13,800 : INFO : Processing: 2022 朗読 2022年03月02日放送分
2022-04-04 11:41:09,714 : INFO : Processing: 2022 朗読 2022年03月01日放送分
2022-04-04 11:42:07,801 : INFO : Processing: 2022 朗読 2022年02月28日放送分
2022-04-04 11:43:09,165 : INFO : Processing: 2022 朗読 2022年02月25日放送分
2022-04-04 11:44:10,984 : INFO : Processing: 2022 朗読 2022年02月24日放送分
2022-04-04 11:45:14,994 : INFO : Processing: 2022 朗読 2022年02月23日放送分
2022-04-04 11:46:19,560 : INFO : Processing: 2022 朗読 2022年02月22日放送分
2022-04-04 11:47:19,167 : INFO : Processing: 2022 朗読 2022年02月21日放送分
2022-04-04 11:48:10,683 : INFO : Processing: 2022 朗読 2022年02月18日放送分
2022-04-04 11:49:10,465 : INFO : Processing: 2022 朗読 2022年02月17日放送分
2022-04-04 11:50:10,475 : INFO : Processing: 2022 朗読 2022年02月16日放送分
2022-04-04 11:51:06,862 : INFO : Processing: 2022 朗読 2022年02月15日放送分
2022-04-04 11:52:02,922 : INFO : Processing: 2022 朗読 2022年02月14日放送分
2022-04-04 11:52:54,658 : INFO : Processing: 2022 朗読 2022年02月11日放送分
2022-04-04 11:53:47,187 : INFO : Processing: 2022 朗読 2022年02月10日放送分
2022-04-04 11:54:43,154 : INFO : Processing: 2022 朗読 2022年02月09日放送分
2022-04-04 11:55:37,601 : INFO : Processing: 2022 朗読 2022年02月08日放送分
2022-04-04 11:56:39,621 : INFO : Processing: 2022 朗読 2022年02月07日放送分
2022-04-04 11:57:47,624 : INFO : Processing: 2022 子ども科学電話相談 2022年04月03日放送分
2022-04-04 12:00:37,066 : INFO : Processing: 2022 子ども科学電話相談 2022年04月03日放送分
2022-04-04 12:03:18,404 : INFO : Processing: 2022 子ども科学電話相談 2022年03月13日放送分
2022-04-04 12:05:56,427 : INFO : Processing: 2022 子ども科学電話相談 2022年03月13日放送分
2022-04-04 12:08:47,143 : INFO : Processing: 2022 子ども科学電話相談 2022年03月06日放送分
2022-04-04 12:11:50,554 : INFO : Processing: 2022 子ども科学電話相談 2022年03月06日放送分
2022-04-04 12:14:41,344 : INFO : Processing: 2022 子ども科学電話相談 2022年02月13日放送分
2022-04-04 12:17:47,292 : INFO : Processing: 2022 子ども科学電話相談 2022年02月13日放送分
2022-04-04 12:20:36,644 : INFO : Processing: 2022 上方演芸会 2022年04月02日放送分
2022-04-04 12:22:34,599 : INFO : Processing: 2022 真打ち競演 2022年04月02日放送分
2022-04-04 12:26:10,742 : INFO : Processing: 2022 ジャズ・トゥナイト 2022年04月02日放送分
2022-04-04 12:34:45,289 : INFO : Program finished
2022-04-05 22:17:39,858 : ERROR : [ERROR] Unknown error.
2022-04-05 22:17:40,366 : ERROR : [ERROR] Unknown error.
2022-04-05 22:17:40,828 : ERROR : [ERROR] Unknown error.
2022-04-05 22:17:41,284 : ERROR : [ERROR] Unknown error.
2022-04-05 22:17:41,638 : ERROR : [ERROR] Unknown error.
2022-04-05 22:17:41,954 : ERROR : [ERROR] Unknown error.
2022-04-05 22:17:42,155 : ERROR : [ERROR] Unknown error.
2022-04-05 22:17:42,343 : ERROR : [ERROR] Unknown error.
2022-04-05 22:17:42,514 : ERROR : [ERROR] Unknown error.
2022-04-05 22:17:42,705 : ERROR : [ERROR] Unknown error.
2022-04-05 22:17:42,924 : ERROR : [ERROR] Unknown error.
2022-04-05 22:17:43,157 : ERROR : [ERROR] Unknown error.
2022-04-05 22:17:43,334 : ERROR : [ERROR] Unknown error.
2022-04-05 22:17:43,486 : ERROR : [ERROR] Unknown error.
2022-04-05 22:17:43,669 : ERROR : [ERROR] Unknown error.
2022-04-05 22:17:43,875 : ERROR : [ERROR] Unknown error.
2022-04-05 22:17:44,043 : ERROR : [ERROR] Unknown error.
2022-04-05 22:17:44,232 : ERROR : [ERROR] Unknown error.
2022-04-05 22:17:44,419 : ERROR : [ERROR] Unknown error.
2022-04-05 22:17:44,589 : ERROR : [ERROR] Unknown error.
2022-04-05 22:17:44,791 : ERROR : [ERROR] Unknown error.
2022-04-05 22:17:44,974 : ERROR : [ERROR] Unknown error.
2022-04-05 22:17:45,162 : ERROR : [ERROR] Unknown error.
2022-04-05 22:17:45,334 : ERROR : [ERROR] Unknown error.
2022-04-05 22:17:45,523 : ERROR : [ERROR] Unknown error.
2022-04-05 22:17:45,748 : ERROR : [ERROR] Unknown error.
2022-04-05 22:17:45,949 : ERROR : [ERROR] Unknown error.
2022-04-05 22:17:46,166 : ERROR : [ERROR] Unknown error.
2022-04-05 22:17:46,383 : ERROR : [ERROR] Unknown error.
2022-04-05 22:17:46,555 : ERROR : [ERROR] Unknown error.
2022-04-05 22:17:46,727 : ERROR : [ERROR] Unknown error.
2022-04-05 22:17:46,946 : ERROR : [ERROR] Unknown error.
2022-04-05 22:17:47,198 : ERROR : [ERROR] Unknown error.
2022-04-05 22:17:47,258 : ERROR : [ERROR] Unknown error.
2022-04-05 22:17:47,318 : ERROR : [ERROR] Cannot connect to site: https://www.nhk.or.jp/radioondemand/json/7137/bangumi_7137_01.json
2022-04-05 22:39:10,299 : ERROR : [ERROR] Cannot connect to site: https://www.nhk.or.jp/radioondemand/json/2331/bangumi_2331_01.json
2022-04-05 22:42:48,199 : ERROR : [ERROR] Cannot connect to site: https://www.nhk.or.jp/radioondemand/json/0916/bangumi_0916_01.json
